TN:
SF:src\App.tsx
FN:25,App
FNF:1
FNH:0
FNDA:0,App
DA:1,0
DA:2,0
DA:3,0
DA:6,0
DA:7,0
DA:8,0
DA:9,0
DA:10,0
DA:11,0
DA:12,0
DA:18,0
DA:21,0
DA:23,0
DA:26,0
DA:47,0
LF:15
LH:0
BRF:0
BRH:0
end_of_record
TN:
SF:src\AppContext.tsx
FN:20,(anonymous_0)
FNF:1
FNH:0
FNDA:0,(anonymous_0)
DA:1,0
DA:18,0
DA:20,0
DA:21,0
DA:22,0
DA:23,0
DA:25,0
DA:34,0
LF:8
LH:0
BRF:0
BRH:0
end_of_record
TN:
SF:src\AppRoutes.tsx
FN:8,App
FN:22,NotFound
FNF:2
FNH:0
FNDA:0,App
FNDA:0,NotFound
DA:1,0
DA:2,0
DA:3,0
DA:11,0
DA:23,0
DA:72,0
LF:6
LH:0
BRF:0
BRH:0
end_of_record
TN:
SF:src\main.tsx
FNF:0
FNH:0
DA:2,0
DA:3,0
DA:4,0
DA:5,0
DA:6,0
DA:7,0
DA:17,0
DA:18,0
DA:20,0
LF:9
LH:0
BRF:0
BRH:0
end_of_record
TN:
SF:src\styles.tsx
FN:45,(anonymous_0)
FNF:1
FNH:0
FNDA:0,(anonymous_0)
DA:1,1
DA:13,1
DA:32,1
DA:37,1
DA:42,1
DA:44,1
DA:46,0
DA:50,1
DA:70,1
DA:82,1
DA:93,1
LF:11
LH:10
BRF:0
BRH:0
end_of_record
TN:
SF:src\vite-env.d.ts
FNF:0
FNH:0
LF:0
LH:0
BRF:0
BRH:0
end_of_record
TN:
SF:src\assets\icons\azureIcon.tsx
FN:3,AzureIcon
FNF:1
FNH:0
FNDA:0,AzureIcon
DA:3,0
DA:4,0
LF:2
LH:0
BRF:0
BRH:0
end_of_record
TN:
SF:src\assets\icons\gitHubLogoIcon.tsx
FN:3,GitHubIcon
FNF:1
FNH:0
FNDA:0,GitHubIcon
DA:3,0
DA:4,0
LF:2
LH:0
BRF:0
BRH:0
end_of_record
TN:
SF:src\assets\icons\mailIcon.tsx
FN:3,MailIcon
FNF:1
FNH:0
FNDA:0,MailIcon
DA:3,0
DA:4,0
LF:2
LH:0
BRF:0
BRH:0
end_of_record
TN:
SF:src\components\chat\FeedbackForm.tsx
FN:33,FeedbackForm
FN:57,(anonymous_1)
FN:62,(anonymous_2)
FN:72,(anonymous_3)
FN:82,(anonymous_4)
FN:105,(anonymous_5)
FN:107,(anonymous_6)
FN:110,(anonymous_7)
FN:115,(anonymous_8)
FN:123,(anonymous_9)
FN:132,(anonymous_10)
FN:134,(anonymous_11)
FN:137,(anonymous_12)
FN:141,(anonymous_13)
FN:193,(anonymous_14)
FN:208,(anonymous_15)
FN:215,(anonymous_16)
FN:225,(anonymous_17)
FN:233,(anonymous_18)
FN:233,(anonymous_19)
FN:239,(anonymous_20)
FN:274,(anonymous_21)
FN:274,(anonymous_22)
FN:280,(anonymous_23)
FNF:24
FNH:0
FNDA:0,FeedbackForm
FNDA:0,(anonymous_1)
FNDA:0,(anonymous_2)
FNDA:0,(anonymous_3)
FNDA:0,(anonymous_4)
FNDA:0,(anonymous_5)
FNDA:0,(anonymous_6)
FNDA:0,(anonymous_7)
FNDA:0,(anonymous_8)
FNDA:0,(anonymous_9)
FNDA:0,(anonymous_10)
FNDA:0,(anonymous_11)
FNDA:0,(anonymous_12)
FNDA:0,(anonymous_13)
FNDA:0,(anonymous_14)
FNDA:0,(anonymous_15)
FNDA:0,(anonymous_16)
FNDA:0,(anonymous_17)
FNDA:0,(anonymous_18)
FNDA:0,(anonymous_19)
FNDA:0,(anonymous_20)
FNDA:0,(anonymous_21)
FNDA:0,(anonymous_22)
FNDA:0,(anonymous_23)
DA:1,0
DA:16,0
DA:17,0
DA:20,0
DA:21,0
DA:33,0
DA:42,0
DA:44,0
DA:45,0
DA:46,0
DA:47,0
DA:48,0
DA:49,0
DA:50,0
DA:51,0
DA:52,0
DA:53,0
DA:54,0
DA:57,0
DA:58,0
DA:59,0
DA:62,0
DA:63,0
DA:64,0
DA:65,0
DA:67,0
DA:68,0
DA:72,0
DA:73,0
DA:75,0
DA:82,0
DA:89,0
DA:90,0
DA:92,0
DA:93,0
DA:94,0
DA:95,0
DA:99,0
DA:100,0
DA:101,0
DA:105,0
DA:106,0
DA:107,0
DA:110,0
DA:112,0
DA:113,0
DA:115,0
DA:116,0
DA:117,0
DA:118,0
DA:123,0
DA:125,0
DA:126,0
DA:127,0
DA:128,0
DA:132,0
DA:133,0
DA:134,0
DA:137,0
DA:138,0
DA:139,0
DA:141,0
DA:142,0
DA:143,0
DA:144,0
DA:149,0
DA:193,0
DA:208,0
DA:215,0
DA:225,0
DA:233,0
DA:234,0
DA:240,0
DA:241,0
DA:242,0
DA:274,0
DA:275,0
DA:280,0
LF:78
LH:0
BRDA:64,0,0,0
BRDA:64,0,1,0
BRDA:92,1,0,0
BRDA:94,2,0,0
BRDA:112,3,0,0
BRDA:125,4,0,0
BRDA:138,5,0,0
BRDA:169,6,0,0
BRDA:169,6,1,0
BRDA:176,7,0,0
BRDA:176,7,1,0
BRDA:219,8,0,0
BRDA:219,8,1,0
BRDA:232,9,0,0
BRDA:232,9,1,0
BRDA:258,10,0,0
BRDA:258,10,1,0
BRDA:273,11,0,0
BRDA:273,11,1,0
BRDA:295,12,0,0
BRDA:295,12,1,0
BRDA:314,13,0,0
BRDA:314,13,1,0
BRDA:314,14,0,0
BRDA:314,14,1,0
BRF:25
BRH:0
end_of_record
TN:
SF:src\components\chat\chatRoom.tsx
FN:50,ChatRoom
FN:83,(anonymous_2)
FN:92,(anonymous_3)
FN:93,(anonymous_4)
FN:98,(anonymous_5)
FN:103,(anonymous_6)
FN:112,scrollToBottom
FN:120,removeNewlines
FN:124,(anonymous_9)
FN:130,(anonymous_10)
FN:146,(anonymous_11)
FN:174,(anonymous_12)
FN:190,(anonymous_13)
FN:191,(anonymous_14)
FN:199,(anonymous_15)
FN:201,(anonymous_16)
FN:241,(anonymous_17)
FN:255,(anonymous_18)
FN:262,(anonymous_19)
FN:274,(anonymous_20)
FN:276,(anonymous_21)
FN:280,(anonymous_22)
FN:284,(anonymous_23)
FN:289,(anonymous_24)
FN:293,handleSend
FN:312,(anonymous_26)
FN:317,(anonymous_27)
FN:321,(anonymous_28)
FN:325,(anonymous_29)
FN:334,(anonymous_30)
FN:337,(anonymous_31)
FN:339,(anonymous_32)
FN:361,(anonymous_33)
FN:372,(anonymous_34)
FN:375,(anonymous_35)
FN:391,(anonymous_36)
FN:422,(anonymous_37)
FN:475,(anonymous_38)
FN:478,(anonymous_39)
FN:482,(anonymous_40)
FN:531,(anonymous_41)
FN:533,(anonymous_42)
FN:535,(anonymous_43)
FN:542,(anonymous_44)
FN:566,(anonymous_45)
FN:581,(anonymous_46)
FN:593,uuidv4
FN:594,(anonymous_48)
FNF:48
FNH:0
FNDA:0,ChatRoom
FNDA:0,(anonymous_2)
FNDA:0,(anonymous_3)
FNDA:0,(anonymous_4)
FNDA:0,(anonymous_5)
FNDA:0,(anonymous_6)
FNDA:0,scrollToBottom
FNDA:0,removeNewlines
FNDA:0,(anonymous_9)
FNDA:0,(anonymous_10)
FNDA:0,(anonymous_11)
FNDA:0,(anonymous_12)
FNDA:0,(anonymous_13)
FNDA:0,(anonymous_14)
FNDA:0,(anonymous_15)
FNDA:0,(anonymous_16)
FNDA:0,(anonymous_17)
FNDA:0,(anonymous_18)
FNDA:0,(anonymous_19)
FNDA:0,(anonymous_20)
FNDA:0,(anonymous_21)
FNDA:0,(anonymous_22)
FNDA:0,(anonymous_23)
FNDA:0,(anonymous_24)
FNDA:0,handleSend
FNDA:0,(anonymous_26)
FNDA:0,(anonymous_27)
FNDA:0,(anonymous_28)
FNDA:0,(anonymous_29)
FNDA:0,(anonymous_30)
FNDA:0,(anonymous_31)
FNDA:0,(anonymous_32)
FNDA:0,(anonymous_33)
FNDA:0,(anonymous_34)
FNDA:0,(anonymous_35)
FNDA:0,(anonymous_36)
FNDA:0,(anonymous_37)
FNDA:0,(anonymous_38)
FNDA:0,(anonymous_39)
FNDA:0,(anonymous_40)
FNDA:0,(anonymous_41)
FNDA:0,(anonymous_42)
FNDA:0,(anonymous_43)
FNDA:0,(anonymous_44)
FNDA:0,(anonymous_45)
FNDA:0,(anonymous_46)
FNDA:0,uuidv4
FNDA:0,(anonymous_48)
DA:1,0
DA:3,0
DA:4,0
DA:15,0
DA:16,0
DA:18,0
DA:19,0
DA:21,0
DA:22,0
DA:25,0
DA:26,0
DA:28,0
DA:29,0
DA:30,0
DA:31,0
DA:32,0
DA:33,0
DA:35,0
DA:50,0
DA:51,0
DA:52,0
DA:53,0
DA:54,0
DA:55,0
DA:56,0
DA:57,0
DA:58,0
DA:59,0
DA:60,0
DA:61,0
DA:62,0
DA:63,0
DA:64,0
DA:65,0
DA:66,0
DA:67,0
DA:68,0
DA:74,0
DA:75,0
DA:76,0
DA:77,0
DA:79,0
DA:80,0
DA:81,0
DA:83,0
DA:84,0
DA:92,0
DA:93,0
DA:94,0
DA:98,0
DA:99,0
DA:103,0
DA:104,0
DA:105,0
DA:111,0
DA:113,0
DA:114,0
DA:118,0
DA:121,0
DA:124,0
DA:125,0
DA:126,0
DA:127,0
DA:128,0
DA:130,0
DA:131,0
DA:132,0
DA:135,0
DA:139,0
DA:140,0
DA:141,0
DA:142,0
DA:143,0
DA:146,0
DA:147,0
DA:149,0
DA:171,0
DA:172,0
DA:174,0
DA:187,0
DA:190,0
DA:191,0
DA:193,0
DA:196,0
DA:197,0
DA:198,0
DA:199,0
DA:200,0
DA:201,0
DA:204,0
DA:208,0
DA:223,0
DA:227,0
DA:228,0
DA:229,0
DA:231,0
DA:232,0
DA:234,0
DA:235,0
DA:241,0
DA:242,0
DA:243,0
DA:244,0
DA:249,0
DA:254,0
DA:255,0
DA:256,0
DA:261,0
DA:263,0
DA:264,0
DA:269,0
DA:274,0
DA:275,0
DA:276,0
DA:277,0
DA:280,0
DA:281,0
DA:284,0
DA:285,0
DA:286,0
DA:289,0
DA:290,0
DA:294,0
DA:312,0
DA:313,0
DA:314,0
DA:317,0
DA:318,0
DA:321,0
DA:322,0
DA:325,0
DA:326,0
DA:328,0
DA:334,0
DA:337,0
DA:339,0
DA:348,0
DA:349,0
DA:351,0
DA:352,0
DA:353,0
DA:356,0
DA:357,0
DA:361,0
DA:362,0
DA:363,0
DA:364,0
DA:365,0
DA:367,0
DA:368,0
DA:372,0
DA:373,0
DA:374,0
DA:375,0
DA:376,0
DA:377,0
DA:379,0
DA:380,0
DA:381,0
DA:382,0
DA:383,0
DA:385,0
DA:388,0
DA:389,0
DA:391,0
DA:392,0
DA:393,0
DA:398,0
DA:423,0
DA:475,0
DA:479,0
DA:482,0
DA:531,0
DA:533,0
DA:535,0
DA:542,0
DA:567,0
DA:568,0
DA:569,0
DA:570,0
DA:571,0
DA:581,0
DA:594,0
DA:595,0
DA:596,0
LF:185
LH:0
BRDA:104,0,0,0
BRDA:113,1,0,0
BRDA:140,2,0,0
BRDA:196,3,0,0
BRDA:196,3,1,0
BRDA:196,4,0,0
BRDA:196,4,1,0
BRDA:198,5,0,0
BRDA:198,5,1,0
BRDA:200,6,0,0
BRDA:211,7,0,0
BRDA:211,7,1,0
BRDA:232,8,0,0
BRDA:232,9,0,0
BRDA:232,9,1,0
BRDA:263,10,0,0
BRDA:263,10,1,0
BRDA:336,11,0,0
BRDA:336,11,1,0
BRDA:338,12,0,0
BRDA:338,12,1,0
BRDA:340,13,0,0
BRDA:340,13,1,0
BRDA:341,14,0,0
BRDA:341,14,1,0
BRDA:351,15,0,0
BRDA:362,16,0,0
BRDA:362,16,1,0
BRDA:376,17,0,0
BRDA:376,18,0,0
BRDA:376,18,1,0
BRDA:382,19,0,0
BRDA:382,19,1,0
BRDA:388,20,0,0
BRDA:392,21,0,0
BRDA:400,22,0,0
BRDA:400,22,1,0
BRDA:408,23,0,0
BRDA:408,23,1,0
BRDA:431,24,0,0
BRDA:431,24,1,0
BRDA:475,25,0,0
BRDA:475,25,1,0
BRDA:490,26,0,0
BRDA:490,26,1,0
BRDA:522,27,0,0
BRDA:522,27,1,0
BRDA:530,28,0,0
BRDA:530,28,1,0
BRDA:532,29,0,0
BRDA:532,29,1,0
BRDA:534,30,0,0
BRDA:534,30,1,0
BRDA:595,31,0,0
BRDA:595,31,1,0
BRF:55
BRH:0
end_of_record
TN:
SF:src\components\chat\modelSwitch.tsx
FN:9,ModelSwitch
FN:17,(anonymous_1)
FNF:2
FNH:0
FNDA:0,ModelSwitch
FNDA:0,(anonymous_1)
DA:1,0
DA:3,0
DA:9,0
DA:10,0
DA:11,0
DA:12,0
DA:13,0
DA:15,0
DA:17,0
DA:18,0
DA:19,0
DA:22,0
LF:12
LH:0
BRF:0
BRH:0
end_of_record
TN:
SF:src\components\chat\optionsPanel.tsx
FN:15,OptionsPanel
FN:27,(anonymous_1)
FN:33,(anonymous_2)
FNF:3
FNH:0
FNDA:0,OptionsPanel
FNDA:0,(anonymous_1)
FNDA:0,(anonymous_2)
DA:2,0
DA:3,0
DA:15,0
DA:23,0
DA:25,0
DA:27,0
DA:29,0
DA:30,0
DA:33,0
DA:34,0
DA:37,0
LF:11
LH:0
BRDA:29,0,0,0
BRDA:29,0,1,0
BRDA:38,1,0,0
BRDA:38,1,1,0
BRDA:49,2,0,0
BRDA:49,2,1,0
BRDA:57,3,0,0
BRDA:57,3,1,0
BRDA:58,4,0,0
BRDA:58,4,1,0
BRDA:60,5,0,0
BRDA:60,5,1,0
BRF:12
BRH:0
end_of_record
TN:
SF:src\components\datePicker\customDatePicker.tsx
FN:13,(anonymous_0)
FN:18,CustomDatePicker
FN:29,(anonymous_2)
FNF:3
FNH:0
FNDA:0,(anonymous_0)
FNDA:0,CustomDatePicker
FNDA:0,(anonymous_2)
DA:1,0
DA:2,0
DA:3,0
DA:6,0
DA:13,0
DA:14,0
DA:18,0
DA:19,0
DA:22,0
DA:25,0
DA:28,0
DA:30,0
DA:31,0
DA:32,0
DA:33,0
DA:34,0
DA:37,0
DA:38,0
DA:41,0
DA:46,0
LF:20
LH:0
BRDA:14,0,0,0
BRDA:14,0,1,0
BRDA:30,1,0,0
BRDA:30,1,1,0
BRDA:32,2,0,0
BRDA:32,2,1,0
BRDA:33,3,0,0
BRDA:33,3,1,0
BRDA:34,4,0,0
BRDA:34,4,1,0
BRDA:37,5,0,0
BRF:11
BRH:0
end_of_record
TN:
SF:src\components\datePicker\dateFilterDropdownMenu.tsx
FN:23,DateFilterDropdownMenu
FN:34,(anonymous_1)
FN:41,(anonymous_2)
FN:52,(anonymous_3)
FNF:4
FNH:0
FNDA:0,DateFilterDropdownMenu
FNDA:0,(anonymous_1)
FNDA:0,(anonymous_2)
FNDA:0,(anonymous_3)
DA:1,0
DA:2,0
DA:5,0
DA:23,0
DA:28,0
DA:30,0
DA:31,0
DA:32,0
DA:34,0
DA:35,0
DA:36,0
DA:37,0
DA:41,0
DA:42,0
DA:43,0
DA:44,0
DA:45,0
DA:47,0
DA:52,0
DA:53,0
DA:56,0
LF:21
LH:0
BRDA:30,0,0,0
BRDA:30,0,1,0
BRDA:42,1,0,0
BRDA:53,2,0,0
BRDA:53,2,1,0
BRDA:61,3,0,0
BRDA:61,3,1,0
BRDA:63,4,0,0
BRDA:63,4,1,0
BRF:9
BRH:0
end_of_record
TN:
SF:src\components\dialogConfirm\dialogConfirm.tsx
FN:24,DialogConfirm
FNF:1
FNH:0
FNDA:0,DialogConfirm
DA:2,0
DA:14,0
DA:24,0
DA:25,0
DA:27,0
LF:5
LH:0
BRF:0
BRH:0
end_of_record
TN:
SF:src\components\documentViewer\PagesTab.tsx
FN:12,PagesTab
FN:21,(anonymous_1)
FNF:2
FNH:0
FNDA:0,PagesTab
FNDA:0,(anonymous_1)
DA:2,0
DA:4,0
DA:12,0
DA:13,0
DA:15,0
DA:22,0
LF:6
LH:0
BRF:0
BRH:0
end_of_record
TN:
SF:src\components\documentViewer\aIKnowledgeTab.tsx
FN:7,(anonymous_0)
FN:11,(anonymous_1)
FN:15,(anonymous_2)
FNF:3
FNH:0
FNDA:0,(anonymous_0)
FNDA:0,(anonymous_1)
FNDA:0,(anonymous_2)
DA:1,0
DA:7,0
DA:8,0
DA:12,0
DA:16,0
LF:5
LH:0
BRDA:10,0,0,0
BRDA:10,0,1,0
BRF:2
BRH:0
end_of_record
TN:
SF:src\components\documentViewer\dialogContentComponent.tsx
FN:14,DialogContentComponent
FN:33,(anonymous_1)
FN:47,(anonymous_2)
FN:57,(anonymous_3)
FN:62,(anonymous_4)
FNF:5
FNH:0
FNDA:0,DialogContentComponent
FNDA:0,(anonymous_1)
FNDA:0,(anonymous_2)
FNDA:0,(anonymous_3)
FNDA:0,(anonymous_4)
DA:2,0
DA:3,0
DA:4,0
DA:14,0
DA:21,0
DA:23,0
DA:34,0
DA:47,0
DA:58,0
DA:62,0
LF:10
LH:0
BRDA:25,0,0,0
BRDA:25,0,1,0
BRDA:25,0,2,0
BRDA:41,1,0,0
BRDA:41,1,1,0
BRDA:47,2,0,0
BRDA:47,2,1,0
BRDA:47,2,2,0
BRDA:47,2,3,0
BRDA:58,3,0,0
BRDA:58,3,1,0
BRDA:65,4,0,0
BRDA:65,4,1,0
BRF:13
BRH:0
end_of_record
TN:
SF:src\components\documentViewer\dialogTitleBar.tsx
FN:30,DialogTitleBar
FN:49,(anonymous_2)
FN:53,(anonymous_3)
FNF:3
FNH:3
FNDA:13,DialogTitleBar
FNDA:13,(anonymous_2)
FNDA:1,(anonymous_3)
DA:1,1
DA:2,1
DA:3,1
DA:4,1
DA:5,1
DA:7,1
DA:8,1
DA:9,1
DA:10,1
DA:30,1
DA:46,13
DA:47,13
DA:49,13
DA:50,13
DA:53,13
DA:54,1
DA:55,1
DA:57,1
DA:58,0
DA:62,13
LF:20
LH:19
BRDA:57,0,0,0
BRDA:83,1,0,12
BRDA:83,1,1,1
BRDA:93,2,0,12
BRDA:93,2,1,1
BRDA:93,2,2,0
BRDA:103,3,0,1
BRDA:103,3,1,1
BRDA:103,3,2,1
BRDA:110,4,0,13
BRDA:110,4,1,12
BRDA:110,4,2,12
BRDA:110,4,3,1
BRDA:133,5,0,13
BRDA:133,5,1,1
BRF:15
BRH:13
end_of_record
TN:
SF:src\components\documentViewer\iFrameComponent.tsx
FN:13,IFrameComponent
FN:16,(anonymous_1)
FN:74,(anonymous_2)
FNF:3
FNH:0
FNDA:0,IFrameComponent
FNDA:0,(anonymous_1)
FNDA:0,(anonymous_2)
DA:2,0
DA:4,0
DA:13,0
DA:14,0
DA:16,0
DA:17,0
DA:18,0
DA:21,0
DA:26,0
DA:39,0
DA:40,0
DA:42,0
DA:48,0
DA:51,0
DA:67,0
DA:74,0
DA:75,0
DA:78,0
DA:80,0
DA:82,0
DA:84,0
DA:86,0
DA:90,0
LF:23
LH:0
BRDA:17,0,0,0
BRDA:17,1,0,0
BRDA:17,1,1,0
BRDA:21,2,0,0
BRDA:21,2,1,0
BRDA:21,2,2,0
BRDA:21,2,3,0
BRDA:21,2,4,0
BRDA:21,2,5,0
BRDA:21,2,6,0
BRDA:21,2,7,0
BRDA:21,2,8,0
BRDA:21,2,9,0
BRDA:21,2,10,0
BRDA:75,3,0,0
BRDA:75,3,1,0
BRDA:75,3,2,0
BRDA:75,3,3,0
BRDA:75,3,4,0
BRDA:75,3,5,0
BRF:20
BRH:0
end_of_record
TN:
SF:src\components\documentViewer\imageCarousel.tsx
FN:18,(anonymous_0)
FN:24,(anonymous_1)
FN:33,(anonymous_2)
FN:36,(anonymous_3)
FN:38,(anonymous_4)
FN:39,(anonymous_5)
FNF:6
FNH:0
FNDA:0,(anonymous_0)
FNDA:0,(anonymous_1)
FNDA:0,(anonymous_2)
FNDA:0,(anonymous_3)
FNDA:0,(anonymous_4)
FNDA:0,(anonymous_5)
DA:1,0
DA:3,0
DA:4,0
DA:11,0
DA:18,0
DA:19,0
DA:21,0
DA:22,0
DA:24,0
DA:25,0
DA:26,0
DA:27,0
DA:28,0
DA:30,0
DA:33,0
DA:34,0
DA:36,0
DA:37,0
DA:38,0
DA:39,0
DA:41,0
DA:46,0
DA:50,0
LF:23
LH:0
BRDA:25,0,0,0
BRDA:37,1,0,0
BRDA:39,2,0,0
BRDA:39,2,1,0
BRDA:53,3,0,0
BRDA:53,3,1,0
BRDA:57,4,0,0
BRDA:57,4,1,0
BRDA:57,5,0,0
BRDA:57,5,1,0
BRDA:57,5,2,0
BRF:11
BRH:0
end_of_record
TN:
SF:src\components\documentViewer\metadataTable.tsx
FN:12,MetadataTable
FN:19,toggleRow
FN:20,(anonymous_2)
FN:22,(anonymous_3)
FN:27,renderRow
FN:55,(anonymous_5)
FN:74,(anonymous_6)
FN:89,(anonymous_7)
FN:90,(anonymous_8)
FN:101,(anonymous_9)
FN:118,(anonymous_10)
FNF:11
FNH:0
FNDA:0,MetadataTable
FNDA:0,toggleRow
FNDA:0,(anonymous_2)
FNDA:0,(anonymous_3)
FNDA:0,renderRow
FNDA:0,(anonymous_5)
FNDA:0,(anonymous_6)
FNDA:0,(anonymous_7)
FNDA:0,(anonymous_8)
FNDA:0,(anonymous_9)
FNDA:0,(anonymous_10)
DA:1,0
DA:2,0
DA:4,0
DA:5,0
DA:6,0
DA:12,0
DA:13,0
DA:15,0
DA:17,0
DA:20,0
DA:21,0
DA:22,0
DA:28,0
DA:29,0
DA:39,0
DA:40,0
DA:50,0
DA:51,0
DA:55,0
DA:62,0
DA:72,0
DA:74,0
DA:78,0
DA:89,0
DA:91,0
DA:92,0
DA:95,0
DA:96,0
DA:99,0
DA:101,0
DA:119,0
LF:31
LH:0
BRDA:21,0,0,0
BRDA:21,0,1,0
BRDA:28,1,0,0
BRDA:39,2,0,0
BRDA:50,3,0,0
BRDA:50,4,0,0
BRDA:50,4,1,0
BRDA:65,5,0,0
BRDA:65,5,1,0
BRDA:72,6,0,0
BRDA:72,6,1,0
BRDA:91,7,0,0
BRDA:91,8,0,0
BRDA:91,8,1,0
BRDA:95,9,0,0
BRDA:95,10,0,0
BRDA:95,10,1,0
BRDA:101,11,0,0
BRDA:101,11,1,0
BRDA:104,12,0,0
BRDA:104,12,1,0
BRDA:105,13,0,0
BRDA:105,13,1,0
BRDA:115,14,0,0
BRDA:115,14,1,0
BRDA:115,14,2,0
BRDA:115,14,3,0
BRF:27
BRH:0
end_of_record
TN:
SF:src\components\documentViewer\pageNumberTab.tsx
FN:11,(anonymous_0)
FNF:1
FNH:0
FNDA:0,(anonymous_0)
DA:2,0
DA:11,0
DA:12,0
DA:13,0
DA:16,0
DA:20,0
LF:6
LH:0
BRDA:12,0,0,0
BRDA:12,1,0,0
BRDA:12,1,1,0
BRDA:12,1,2,0
BRF:4
BRH:0
end_of_record
TN:
SF:src\components\documentViewer\tableTab.tsx
FN:22,TableTab
FN:28,(anonymous_1)
FN:31,(anonymous_2)
FN:39,(anonymous_3)
FN:41,(anonymous_4)
FNF:5
FNH:0
FNDA:0,TableTab
FNDA:0,(anonymous_1)
FNDA:0,(anonymous_2)
FNDA:0,(anonymous_3)
FNDA:0,(anonymous_4)
DA:1,0
DA:22,0
DA:23,0
DA:26,0
DA:28,0
DA:31,0
DA:32,0
DA:35,0
DA:40,0
DA:42,0
DA:52,0
LF:11
LH:0
BRF:0
BRH:0
end_of_record
TN:
SF:src\components\documentViewer\tempIframe.tsx
FN:33,IFrameComponent
FN:37,(anonymous_7)
FN:44,(anonymous_8)
FN:54,(anonymous_9)
FN:62,(anonymous_10)
FN:70,(anonymous_11)
FN:80,(anonymous_12)
FNF:7
FNH:0
FNDA:0,IFrameComponent
FNDA:0,(anonymous_7)
FNDA:0,(anonymous_8)
FNDA:0,(anonymous_9)
FNDA:0,(anonymous_10)
FNDA:0,(anonymous_11)
FNDA:0,(anonymous_12)
DA:2,0
DA:4,0
DA:5,0
DA:6,0
DA:7,0
DA:8,0
DA:11,0
DA:22,0
DA:33,0
DA:34,0
DA:35,0
DA:37,0
DA:38,0
DA:39,0
DA:40,0
DA:41,0
DA:44,0
DA:45,0
DA:54,0
DA:55,0
DA:62,0
DA:63,0
DA:70,0
DA:71,0
DA:80,0
DA:81,0
DA:82,0
DA:85,0
DA:87,0
DA:88,0
DA:90,0
DA:91,0
DA:93,0
DA:94,0
DA:96,0
DA:99,0
LF:36
LH:0
BRDA:38,0,0,0
BRDA:39,1,0,0
BRDA:40,2,0,0
BRDA:81,3,0,0
BRDA:81,4,0,0
BRDA:81,4,1,0
BRDA:87,5,0,0
BRDA:87,6,0,0
BRDA:87,6,1,0
BRDA:87,6,2,0
BRDA:90,7,0,0
BRDA:93,8,0,0
BRF:12
BRH:0
end_of_record
TN:
SF:src\components\filter\filter.tsx
FN:27,(anonymous_0)
FN:44,Filter
FN:57,(anonymous_2)
FN:70,(anonymous_3)
FN:84,(anonymous_4)
FN:92,(anonymous_5)
FN:93,(anonymous_6)
FN:105,(anonymous_7)
FN:120,(anonymous_8)
FN:124,(anonymous_9)
FN:132,(anonymous_10)
FNF:11
FNH:0
FNDA:0,(anonymous_0)
FNDA:0,Filter
FNDA:0,(anonymous_2)
FNDA:0,(anonymous_3)
FNDA:0,(anonymous_4)
FNDA:0,(anonymous_5)
FNDA:0,(anonymous_6)
FNDA:0,(anonymous_7)
FNDA:0,(anonymous_8)
FNDA:0,(anonymous_9)
FNDA:0,(anonymous_10)
DA:1,0
DA:2,0
DA:3,0
DA:4,0
DA:6,0
DA:27,0
DA:28,0
DA:44,0
DA:52,0
DA:53,0
DA:55,0
DA:57,0
DA:58,0
DA:59,0
DA:60,0
DA:62,0
DA:63,0
DA:67,0
DA:68,0
DA:70,0
DA:71,0
DA:72,0
DA:74,0
DA:75,0
DA:76,0
DA:78,0
DA:84,0
DA:85,0
DA:86,0
DA:87,0
DA:88,0
DA:92,0
DA:93,0
DA:94,0
DA:96,0
DA:97,0
DA:98,0
DA:100,0
DA:101,0
DA:104,0
DA:105,0
DA:106,0
DA:107,0
DA:112,0
DA:116,0
DA:121,0
DA:125,0
DA:127,0
DA:133,0
LF:49
LH:0
BRDA:46,0,0,0
BRDA:60,1,0,0
BRDA:60,1,1,0
BRDA:60,2,0,0
BRDA:60,2,1,0
BRDA:63,3,0,0
BRDA:63,3,1,0
BRDA:71,4,0,0
BRDA:71,4,1,0
BRDA:85,5,0,0
BRDA:96,6,0,0
BRDA:96,6,1,0
BRDA:97,7,0,0
BRDA:100,8,0,0
BRDA:104,9,0,0
BRDA:106,10,0,0
BRDA:117,11,0,0
BRDA:117,11,1,0
BRDA:120,12,0,0
BRDA:120,12,1,0
BRDA:125,13,0,0
BRDA:125,13,1,0
BRDA:133,14,0,0
BRDA:133,14,1,0
BRF:24
BRH:0
end_of_record
TN:
SF:src\components\filter\showHideFilterButton.tsx
FN:11,FilterButton
FNF:1
FNH:0
FNDA:0,FilterButton
DA:2,0
DA:3,0
DA:4,0
DA:11,0
DA:12,0
DA:13,0
LF:6
LH:0
BRF:0
BRH:0
end_of_record
TN:
SF:src\components\footer\footer.tsx
FN:4,Footer
FNF:1
FNH:0
FNDA:0,Footer
DA:2,0
DA:4,0
DA:5,0
DA:6,0
DA:8,0
LF:5
LH:0
BRF:0
BRH:0
end_of_record
TN:
SF:src\components\header\header.tsx
FN:20,Header
FNF:1
FNH:0
FNDA:0,Header
DA:9,0
DA:14,0
DA:20,0
DA:21,0
LF:4
LH:0
BRDA:22,0,0,0
BRDA:22,0,1,0
BRDA:25,1,0,0
BRDA:25,1,1,0
BRDA:26,2,0,0
BRDA:26,2,1,0
BRF:6
BRH:0
end_of_record
TN:
SF:src\components\headerBar\headerBar.tsx
FN:34,(anonymous_1)
FN:51,HeaderBar
FN:64,(anonymous_3)
FN:101,toggleMenu
FN:102,(anonymous_5)
FN:105,signIn
FN:109,signOut
FN:113,renderLink
FN:170,(anonymous_9)
FN:170,(anonymous_10)
FN:173,(anonymous_11)
FN:173,(anonymous_12)
FN:190,(anonymous_13)
FN:190,(anonymous_14)
FN:193,(anonymous_15)
FNF:15
FNH:0
FNDA:0,(anonymous_1)
FNDA:0,HeaderBar
FNDA:0,(anonymous_3)
FNDA:0,toggleMenu
FNDA:0,(anonymous_5)
FNDA:0,signIn
FNDA:0,signOut
FNDA:0,renderLink
FNDA:0,(anonymous_9)
FNDA:0,(anonymous_10)
FNDA:0,(anonymous_11)
FNDA:0,(anonymous_12)
FNDA:0,(anonymous_13)
FNDA:0,(anonymous_14)
FNDA:0,(anonymous_15)
DA:1,0
DA:2,0
DA:3,0
DA:4,0
DA:5,0
DA:7,0
DA:17,0
DA:18,0
DA:19,0
DA:21,0
DA:22,0
DA:34,0
DA:35,0
DA:36,0
DA:37,0
DA:51,0
DA:52,0
DA:53,0
DA:54,0
DA:55,0
DA:56,0
DA:58,0
DA:59,0
DA:60,0
DA:61,0
DA:63,0
DA:64,0
DA:102,0
DA:106,0
DA:110,0
DA:114,0
DA:137,0
DA:170,0
DA:173,0
DA:174,0
DA:190,0
DA:191,0
DA:193,0
LF:38
LH:0
BRDA:34,0,0,0
BRDA:34,0,1,0
BRDA:80,1,0,0
BRDA:80,1,1,0
BRDA:88,2,0,0
BRDA:88,2,1,0
BRDA:116,3,0,0
BRDA:116,3,1,0
BRDA:120,4,0,0
BRDA:120,4,1,0
BRDA:122,5,0,0
BRDA:122,5,1,0
BRDA:122,6,0,0
BRDA:122,6,1,0
BRDA:155,7,0,0
BRDA:155,7,1,0
BRDA:170,8,0,0
BRDA:170,8,1,0
BRDA:173,9,0,0
BRDA:173,9,1,0
BRDA:178,10,0,0
BRDA:178,10,1,0
BRDA:183,11,0,0
BRDA:183,11,1,0
BRDA:190,12,0,0
BRDA:190,12,1,0
BRDA:193,13,0,0
BRDA:193,13,1,0
BRF:28
BRH:0
end_of_record
TN:
SF:src\components\headerMenu\HeaderMenuTabs.tsx
FN:26,HeaderMenuTabs
FN:48,(anonymous_1)
FN:66,(anonymous_2)
FN:71,(anonymous_3)
FN:82,(anonymous_4)
FN:88,(anonymous_5)
FN:105,(anonymous_6)
FN:109,(anonymous_7)
FN:121,(anonymous_8)
FNF:9
FNH:0
FNDA:0,HeaderMenuTabs
FNDA:0,(anonymous_1)
FNDA:0,(anonymous_2)
FNDA:0,(anonymous_3)
FNDA:0,(anonymous_4)
FNDA:0,(anonymous_5)
FNDA:0,(anonymous_6)
FNDA:0,(anonymous_7)
FNDA:0,(anonymous_8)
DA:1,0
DA:11,0
DA:12,0
DA:14,0
DA:15,0
DA:16,0
DA:26,0
DA:33,0
DA:34,0
DA:35,0
DA:36,0
DA:38,0
DA:39,0
DA:41,0
DA:46,0
DA:48,0
DA:49,0
DA:50,0
DA:57,0
DA:59,0
DA:66,0
DA:67,0
DA:68,0
DA:71,0
DA:72,0
DA:75,0
DA:83,0
DA:88,0
DA:106,0
DA:110,0
DA:122,0
DA:123,0
LF:32
LH:0
BRDA:49,0,0,0
BRDA:77,1,0,0
BRDA:77,1,1,0
BRDA:79,2,0,0
BRDA:79,2,1,0
BRDA:79,3,0,0
BRDA:79,3,1,0
BRDA:95,4,0,0
BRDA:95,4,1,0
BRDA:95,4,2,0
BRDA:97,5,0,0
BRDA:97,5,1,0
BRDA:97,5,2,0
BRDA:114,6,0,0
BRDA:114,6,1,0
BRDA:136,7,0,0
BRDA:136,7,1,0
BRDA:136,7,2,0
BRDA:136,7,3,0
BRDA:136,7,4,0
BRF:20
BRH:0
end_of_record
TN:
SF:src\components\layout\layout.tsx
FN:6,Layout
FNF:1
FNH:0
FNDA:0,Layout
DA:2,0
DA:3,0
DA:6,0
DA:7,0
DA:9,0
LF:5
LH:0
BRDA:9,0,0,0
BRDA:9,0,1,0
BRDA:9,1,0,0
BRDA:9,1,1,0
BRF:4
BRH:0
end_of_record
TN:
SF:src\components\orderBy\orderBy.tsx
FN:9,OrderBy
FN:16,(anonymous_1)
FN:20,(anonymous_2)
FNF:3
FNH:0
FNDA:0,OrderBy
FNDA:0,(anonymous_1)
FNDA:0,(anonymous_2)
DA:1,0
DA:2,0
DA:3,0
DA:9,0
DA:10,0
DA:12,0
DA:13,0
DA:14,0
DA:16,0
DA:17,0
DA:20,0
DA:21,0
DA:23,0
DA:24,0
DA:25,0
DA:27,0
DA:28,0
DA:29,0
DA:31,0
DA:32,0
DA:33,0
DA:35,0
DA:36,0
DA:37,0
DA:39,0
DA:40,0
DA:41,0
DA:43,0
DA:44,0
DA:45,0
DA:47,0
DA:48,0
DA:49,0
DA:53,0
LF:34
LH:0
BRDA:21,0,0,0
BRDA:21,0,1,0
BRDA:21,0,2,0
BRDA:21,0,3,0
BRDA:21,0,4,0
BRDA:21,0,5,0
BRDA:21,0,6,0
BRF:7
BRH:0
end_of_record
TN:
SF:src\components\pagination\pagination.tsx
FN:14,Pagination
FN:27,(anonymous_1)
FN:31,(anonymous_2)
FN:35,(anonymous_3)
FN:48,(anonymous_4)
FNF:5
FNH:0
FNDA:0,Pagination
FNDA:0,(anonymous_1)
FNDA:0,(anonymous_2)
FNDA:0,(anonymous_3)
FNDA:0,(anonymous_4)
DA:1,0
DA:2,0
DA:4,0
DA:14,0
DA:16,0
DA:18,0
DA:19,0
DA:21,0
DA:23,0
DA:24,0
DA:27,0
DA:28,0
DA:31,0
DA:32,0
DA:35,0
DA:36,0
DA:37,0
DA:39,0
DA:48,0
DA:56,0
LF:20
LH:0
BRDA:14,0,0,0
BRDA:23,1,0,0
BRDA:23,2,0,0
BRDA:23,2,1,0
BRDA:23,2,2,0
BRDA:36,3,0,0
BRDA:36,3,1,0
BRDA:42,4,0,0
BRDA:42,4,1,0
BRDA:44,5,0,0
BRDA:44,5,1,0
BRDA:48,6,0,0
BRDA:48,6,1,0
BRDA:58,7,0,0
BRDA:58,7,1,0
BRDA:60,8,0,0
BRDA:60,8,1,0
BRF:17
BRH:0
end_of_record
TN:
SF:src\components\searchBox\searchBox.tsx
FN:31,(anonymous_0)
FN:35,(anonymous_1)
FN:39,(anonymous_2)
FN:43,(anonymous_3)
FN:46,(anonymous_4)
FN:51,(anonymous_5)
FN:70,(anonymous_6)
FN:87,(anonymous_7)
FN:95,(anonymous_8)
FN:96,(anonymous_9)
FN:100,(anonymous_10)
FN:107,(anonymous_11)
FN:113,onChange
FN:120,handleKeyDown
FNF:14
FNH:0
FNDA:0,(anonymous_0)
FNDA:0,(anonymous_1)
FNDA:0,(anonymous_2)
FNDA:0,(anonymous_3)
FNDA:0,(anonymous_4)
FNDA:0,(anonymous_5)
FNDA:0,(anonymous_6)
FNDA:0,(anonymous_7)
FNDA:0,(anonymous_8)
FNDA:0,(anonymous_9)
FNDA:0,(anonymous_10)
FNDA:0,(anonymous_11)
FNDA:0,onChange
FNDA:0,handleKeyDown
DA:1,0
DA:2,0
DA:3,0
DA:4,0
DA:5,0
DA:6,0
DA:13,0
DA:14,0
DA:31,0
DA:32,0
DA:35,0
DA:36,0
DA:39,0
DA:40,0
DA:43,0
DA:44,0
DA:46,0
DA:47,0
DA:48,0
DA:49,0
DA:51,0
DA:52,0
DA:55,0
DA:56,0
DA:58,0
DA:59,0
DA:62,0
DA:64,0
DA:65,0
DA:70,0
DA:71,0
DA:74,0
DA:87,0
DA:91,0
DA:92,0
DA:93,0
DA:95,0
DA:97,0
DA:98,0
DA:101,0
DA:102,0
DA:106,0
DA:108,0
DA:114,0
DA:115,0
DA:116,0
DA:121,0
DA:122,0
DA:125,0
DA:126,0
DA:127,0
DA:128,0
DA:132,0
DA:162,0
LF:54
LH:0
BRDA:47,0,0,0
BRDA:58,1,0,0
BRDA:88,2,0,0
BRDA:114,3,0,0
BRDA:121,4,0,0
BRDA:125,5,0,0
BRDA:150,6,0,0
BRDA:150,6,1,0
BRF:8
BRH:0
end_of_record
TN:
SF:src\components\searchResult\old.tsx
FN:21,SearchResultCard
FN:53,(anonymous_1)
FN:57,(anonymous_2)
FN:61,(anonymous_3)
FN:65,(anonymous_4)
FN:69,(anonymous_5)
FN:70,(anonymous_6)
FN:78,(anonymous_7)
FN:103,(anonymous_8)
FN:113,(anonymous_9)
FN:150,(anonymous_10)
FN:151,(anonymous_11)
FNF:12
FNH:0
FNDA:0,SearchResultCard
FNDA:0,(anonymous_1)
FNDA:0,(anonymous_2)
FNDA:0,(anonymous_3)
FNDA:0,(anonymous_4)
FNDA:0,(anonymous_5)
FNDA:0,(anonymous_6)
FNDA:0,(anonymous_7)
FNDA:0,(anonymous_8)
FNDA:0,(anonymous_9)
FNDA:0,(anonymous_10)
FNDA:0,(anonymous_11)
DA:1,0
DA:2,0
DA:4,0
DA:5,0
DA:7,0
DA:8,0
DA:10,0
DA:21,0
DA:30,0
DA:31,0
DA:33,0
DA:35,0
DA:36,0
DA:38,0
DA:39,0
DA:41,0
DA:42,0
DA:44,0
DA:45,0
DA:47,0
DA:48,0
DA:50,0
DA:53,0
DA:54,0
DA:57,0
DA:58,0
DA:61,0
DA:62,0
DA:65,0
DA:66,0
DA:69,0
DA:70,0
DA:73,0
DA:78,0
DA:103,0
DA:113,0
DA:150,0
DA:152,0
LF:38
LH:0
BRDA:36,0,0,0
BRDA:36,0,1,0
BRDA:36,0,2,0
BRDA:36,0,3,0
BRDA:36,0,4,0
BRDA:81,1,0,0
BRDA:81,1,1,0
BRDA:121,2,0,0
BRDA:121,2,1,0
BRF:9
BRH:0
end_of_record
TN:
SF:src\components\searchResult\searchResultCard.tsx
FN:20,SearchResultCard
FN:64,(anonymous_1)
FN:68,(anonymous_2)
FN:73,(anonymous_3)
FN:74,(anonymous_4)
FN:78,(anonymous_5)
FN:89,(anonymous_6)
FN:103,(anonymous_7)
FN:122,(anonymous_8)
FN:139,(anonymous_9)
FN:141,(anonymous_10)
FNF:11
FNH:0
FNDA:0,SearchResultCard
FNDA:0,(anonymous_1)
FNDA:0,(anonymous_2)
FNDA:0,(anonymous_3)
FNDA:0,(anonymous_4)
FNDA:0,(anonymous_5)
FNDA:0,(anonymous_6)
FNDA:0,(anonymous_7)
FNDA:0,(anonymous_8)
FNDA:0,(anonymous_9)
FNDA:0,(anonymous_10)
DA:1,0
DA:2,0
DA:4,0
DA:5,0
DA:7,0
DA:8,0
DA:11,0
DA:20,0
DA:28,0
DA:29,0
DA:30,0
DA:33,0
DA:34,0
DA:37,0
DA:38,0
DA:41,0
DA:42,0
DA:45,0
DA:46,0
DA:49,0
DA:50,0
DA:52,0
DA:53,0
DA:55,0
DA:56,0
DA:58,0
DA:59,0
DA:61,0
DA:64,0
DA:65,0
DA:68,0
DA:69,0
DA:70,0
DA:73,0
DA:74,0
DA:78,0
DA:79,0
DA:80,0
DA:81,0
DA:84,0
DA:89,0
DA:103,0
DA:122,0
DA:139,0
DA:142,0
LF:45
LH:0
BRDA:34,0,0,0
BRDA:34,0,1,0
BRDA:34,0,2,0
BRDA:34,0,3,0
BRDA:34,0,4,0
BRDA:34,0,5,0
BRDA:34,0,6,0
BRDA:34,0,7,0
BRDA:34,0,8,0
BRDA:34,0,9,0
BRDA:34,0,10,0
BRDA:34,0,11,0
BRDA:80,1,0,0
BRDA:92,2,0,0
BRDA:92,2,1,0
BRDA:114,3,0,0
BRDA:114,3,1,0
BRF:17
BRH:0
end_of_record
TN:
SF:src\components\snackbar\snackbarError.tsx
FN:11,(anonymous_1)
FN:15,onClick
FN:32,(anonymous_3)
FNF:3
FNH:0
FNDA:0,(anonymous_1)
FNDA:0,onClick
FNDA:0,(anonymous_3)
DA:1,0
DA:2,0
DA:3,0
DA:4,0
DA:5,0
DA:11,0
DA:12,0
DA:13,0
DA:16,0
DA:18,0
DA:33,0
DA:53,0
LF:12
LH:0
BRDA:30,0,0,0
BRDA:30,0,1,0
BRDA:30,1,0,0
BRDA:30,1,1,0
BRDA:34,2,0,0
BRDA:34,2,1,0
BRF:6
BRH:0
end_of_record
TN:
SF:src\components\snackbar\snackbarSuccess.tsx
FN:9,(anonymous_1)
FN:13,onClick
FNF:2
FNH:0
FNDA:0,(anonymous_1)
FNDA:0,onClick
DA:1,0
DA:2,0
DA:3,0
DA:4,0
DA:5,0
DA:9,0
DA:10,0
DA:11,0
DA:14,0
DA:16,0
DA:34,0
LF:11
LH:0
BRF:0
BRH:0
end_of_record
TN:
SF:src\components\uploadButton\uploadButton.tsx
FN:24,(anonymous_0)
FN:32,(anonymous_1)
FN:34,(anonymous_2)
FN:39,(anonymous_3)
FN:48,(anonymous_4)
FN:52,(anonymous_5)
FN:53,(anonymous_6)
FN:63,(anonymous_7)
FN:64,(anonymous_8)
FN:82,(anonymous_9)
FN:84,(anonymous_10)
FN:96,(anonymous_11)
FN:162,(anonymous_12)
FNF:13
FNH:0
FNDA:0,(anonymous_0)
FNDA:0,(anonymous_1)
FNDA:0,(anonymous_2)
FNDA:0,(anonymous_3)
FNDA:0,(anonymous_4)
FNDA:0,(anonymous_5)
FNDA:0,(anonymous_6)
FNDA:0,(anonymous_7)
FNDA:0,(anonymous_8)
FNDA:0,(anonymous_9)
FNDA:0,(anonymous_10)
FNDA:0,(anonymous_11)
FNDA:0,(anonymous_12)
DA:1,0
DA:2,0
DA:3,0
DA:13,0
DA:20,0
DA:21,0
DA:22,0
DA:24,0
DA:25,0
DA:26,0
DA:29,0
DA:32,0
DA:33,0
DA:34,0
DA:39,0
DA:41,0
DA:42,0
DA:43,0
DA:44,0
DA:46,0
DA:48,0
DA:49,0
DA:52,0
DA:53,0
DA:54,0
DA:60,0
DA:63,0
DA:64,0
DA:65,0
DA:72,0
DA:75,0
DA:81,0
DA:82,0
DA:84,0
DA:96,0
DA:163,0
DA:207,0
LF:37
LH:0
BRDA:54,0,0,0
BRDA:54,0,1,0
BRDA:65,1,0,0
BRDA:65,1,1,0
BRDA:102,2,0,0
BRDA:102,2,1,0
BRDA:183,3,0,0
BRDA:183,3,1,0
BRDA:186,4,0,0
BRDA:186,4,1,0
BRDA:192,5,0,0
BRDA:192,5,1,0
BRDA:194,6,0,0
BRDA:194,6,1,0
BRF:14
BRH:0
end_of_record
TN:
SF:src\components\uploadButton\uploadButton2.tsx
FN:7,(anonymous_0)
FN:9,(anonymous_1)
FNF:2
FNH:0
FNDA:0,(anonymous_0)
FNDA:0,(anonymous_1)
DA:1,0
DA:2,0
DA:3,0
DA:4,0
DA:7,0
DA:9,0
DA:10,0
DA:12,0
DA:17,0
DA:22,0
DA:64,0
LF:11
LH:0
BRDA:10,0,0,0
BRDA:37,1,0,0
BRDA:37,1,1,0
BRDA:43,2,0,0
BRDA:43,2,1,0
BRF:5
BRH:0
end_of_record
TN:
SF:src\pages\chat\chatPage.tsx
FN:9,ChatPage
FN:19,(anonymous_1)
FN:20,(anonymous_2)
FN:22,(anonymous_3)
FN:26,(anonymous_4)
FNF:5
FNH:0
FNDA:0,ChatPage
FNDA:0,(anonymous_1)
FNDA:0,(anonymous_2)
FNDA:0,(anonymous_3)
FNDA:0,(anonymous_4)
DA:1,0
DA:2,0
DA:3,0
DA:4,0
DA:6,0
DA:7,0
DA:9,0
DA:10,0
DA:12,0
DA:13,0
DA:14,0
DA:15,0
DA:17,0
DA:19,0
DA:20,0
DA:21,0
DA:22,0
DA:25,0
DA:26,0
DA:28,0
DA:33,0
LF:21
LH:0
BRDA:12,0,0,0
BRDA:12,0,1,0
BRDA:13,1,0,0
BRDA:13,1,1,0
BRDA:14,2,0,0
BRDA:14,2,1,0
BRDA:15,3,0,0
BRDA:15,3,1,0
BRDA:25,4,0,0
BRDA:25,4,1,0
BRDA:53,5,0,0
BRDA:53,5,1,0
BRF:12
BRH:0
end_of_record
TN:
SF:src\types\appRoles.ts
FN:1,(anonymous_0)
FNF:1
FNH:0
FNDA:0,(anonymous_0)
DA:1,0
DA:2,0
LF:2
LH:0
BRDA:1,0,0,0
BRDA:1,0,1,0
BRF:2
BRH:0
end_of_record
TN:
SF:src\utils\auth\auth.ts
FN:51,(anonymous_0)
FN:79,(anonymous_1)
FN:106,(anonymous_2)
FN:118,(anonymous_3)
FN:132,(anonymous_4)
FN:153,(anonymous_5)
FN:185,(anonymous_6)
FN:189,(anonymous_7)
FN:205,(anonymous_8)
FN:239,(anonymous_9)
FN:243,(anonymous_10)
FNF:11
FNH:0
FNDA:0,(anonymous_0)
FNDA:0,(anonymous_1)
FNDA:0,(anonymous_2)
FNDA:0,(anonymous_3)
FNDA:0,(anonymous_4)
FNDA:0,(anonymous_5)
FNDA:0,(anonymous_6)
FNDA:0,(anonymous_7)
FNDA:0,(anonymous_8)
FNDA:0,(anonymous_9)
FNDA:0,(anonymous_10)
DA:1,0
DA:37,0
DA:59,0
DA:61,0
DA:63,0
DA:64,0
DA:68,0
DA:69,0
DA:71,0
DA:80,0
DA:81,0
DA:84,0
DA:85,0
DA:86,0
DA:88,0
DA:89,0
DA:90,0
DA:95,0
DA:96,0
DA:98,0
DA:99,0
DA:102,0
DA:103,0
DA:107,0
DA:112,0
DA:119,0
DA:124,0
DA:138,0
DA:154,0
DA:155,0
DA:157,0
DA:159,0
DA:160,0
DA:162,0
DA:163,0
DA:166,0
DA:169,0
DA:189,0
DA:192,0
DA:193,0
DA:194,0
DA:195,0
DA:199,0
DA:200,0
DA:206,0
DA:211,0
DA:212,0
DA:216,0
DA:217,0
DA:223,0
DA:224,0
DA:225,0
DA:226,0
DA:227,0
DA:228,0
DA:233,0
DA:234,0
DA:240,0
DA:244,0
LF:59
LH:0
BRDA:69,0,0,0
BRDA:79,1,0,0
BRDA:80,2,0,0
BRDA:80,3,0,0
BRDA:80,3,1,0
BRDA:85,4,0,0
BRDA:96,5,0,0
BRDA:96,6,0,0
BRDA:96,6,1,0
BRDA:102,7,0,0
BRDA:106,8,0,0
BRDA:154,9,0,0
BRDA:157,10,0,0
BRDA:157,10,1,0
BRDA:157,10,2,0
BRDA:157,10,3,0
BRDA:192,11,0,0
BRDA:193,12,0,0
BRDA:193,12,1,0
BRDA:193,13,0,0
BRDA:193,13,1,0
BRDA:194,14,0,0
BRDA:194,14,1,0
BRDA:199,15,0,0
BRDA:211,16,0,0
BRDA:211,17,0,0
BRDA:211,17,1,0
BRDA:216,18,0,0
BRDA:216,19,0,0
BRDA:216,19,1,0
BRDA:217,20,0,0
BRDA:217,21,0,0
BRDA:217,21,1,0
BRDA:223,22,0,0
BRDA:223,22,1,0
BRDA:226,23,0,0
BRDA:233,24,0,0
BRDA:233,25,0,0
BRDA:233,25,1,0
BRF:39
BRH:0
end_of_record
TN:
SF:src\utils\auth\roles.ts
FN:4,isPlatformAdmin
FN:8,checkRole
FN:16,isLoggedIn
FN:20,getActiveUser
FNF:4
FNH:0
FNDA:0,isPlatformAdmin
FNDA:0,checkRole
FNDA:0,isLoggedIn
FNDA:0,getActiveUser
DA:2,0
DA:4,0
DA:5,0
DA:9,0
DA:17,0
DA:20,0
DA:21,0
DA:22,0
DA:24,0
LF:9
LH:0
BRDA:10,0,0,0
BRDA:10,0,1,0
BRDA:10,0,2,0
BRDA:10,0,3,0
BRDA:17,1,0,0
BRDA:17,1,1,0
BRDA:21,2,0,0
BRF:7
BRH:0
end_of_record
TN:
SF:src\utils\customHooks\usePagination.ts
FN:12,(anonymous_0)
FN:13,(anonymous_1)
FN:75,(anonymous_2)
FN:80,(anonymous_3)
FNF:4
FNH:0
FNDA:0,(anonymous_0)
FNDA:0,(anonymous_1)
FNDA:0,(anonymous_2)
FNDA:0,(anonymous_3)
DA:1,0
DA:10,0
DA:12,0
DA:13,0
DA:15,0
DA:17,0
DA:24,0
DA:26,0
DA:32,0
DA:33,0
DA:38,0
DA:39,0
DA:41,0
DA:42,0
DA:47,0
DA:48,0
DA:49,0
DA:51,0
DA:57,0
DA:58,0
DA:59,0
DA:60,0
DA:66,0
DA:67,0
DA:68,0
DA:72,0
DA:75,0
DA:76,0
DA:80,0
LF:29
LH:0
BRDA:12,0,0,0
BRDA:24,1,0,0
BRDA:38,2,0,0
BRDA:38,2,1,0
BRDA:47,3,0,0
BRDA:47,4,0,0
BRDA:47,4,1,0
BRDA:57,5,0,0
BRDA:57,6,0,0
BRDA:57,6,1,0
BRDA:66,7,0,0
BRDA:66,8,0,0
BRDA:66,8,1,0
BRF:13
BRH:0
end_of_record
TN:
SF:src\utils\httpClient\authFetch.ts
FN:9,authFetch
FNF:1
FNH:0
FNDA:0,authFetch
DA:1,0
DA:9,0
DA:11,0
DA:14,0
DA:17,0
DA:20,0
DA:24,0
DA:25,0
DA:27,0
DA:35,0
DA:37,0
LF:11
LH:0
BRDA:11,0,0,0
BRDA:20,1,0,0
BRDA:20,1,1,0
BRDA:24,2,0,0
BRDA:24,2,1,0
BRDA:25,3,0,0
BRDA:35,4,0,0
BRF:7
BRH:0
end_of_record
TN:
SF:src\utils\httpClient\httpClient.ts
FN:15,fetch
FN:23,(anonymous_1)
FN:43,fetchRaw
FN:63,get
FN:68,post
FN:73,put
FN:78,_delete
FN:83,download
FN:98,patch
FN:103,upload
FN:108,notifyError
FN:112,parseHttpException
FN:116,(anonymous_12)
FNF:13
FNH:0
FNDA:0,fetch
FNDA:0,(anonymous_1)
FNDA:0,fetchRaw
FNDA:0,get
FNDA:0,post
FNDA:0,put
FNDA:0,_delete
FNDA:0,download
FNDA:0,patch
FNDA:0,upload
FNDA:0,notifyError
FNDA:0,parseHttpException
FNDA:0,(anonymous_12)
DA:3,0
DA:15,0
DA:16,0
DA:18,0
DA:20,0
DA:22,0
DA:23,0
DA:25,0
DA:26,0
DA:27,0
DA:28,0
DA:31,0
DA:32,0
DA:33,0
DA:34,0
DA:36,0
DA:37,0
DA:38,0
DA:43,0
DA:44,0
DA:46,0
DA:48,0
DA:50,0
DA:51,0
DA:52,0
DA:53,0
DA:55,0
DA:56,0
DA:57,0
DA:64,0
DA:65,0
DA:69,0
DA:70,0
DA:74,0
DA:75,0
DA:79,0
DA:80,0
DA:84,0
DA:85,0
DA:86,0
DA:88,0
DA:89,0
DA:90,0
DA:91,0
DA:93,0
DA:94,0
DA:95,0
DA:99,0
DA:100,0
DA:103,0
DA:104,0
DA:105,0
DA:112,0
DA:113,0
DA:114,0
DA:115,0
DA:116,0
DA:117,0
DA:119,0
DA:120,0
DA:122,0
LF:61
LH:0
BRDA:15,0,0,0
BRDA:22,1,0,0
BRDA:22,1,1,0
BRDA:25,2,0,0
BRDA:25,2,1,0
BRDA:27,3,0,0
BRDA:27,4,0,0
BRDA:27,4,1,0
BRDA:31,5,0,0
BRDA:31,5,1,0
BRDA:33,6,0,0
BRDA:33,7,0,0
BRDA:33,7,1,0
BRDA:36,8,0,0
BRDA:36,8,1,0
BRDA:37,9,0,0
BRDA:37,10,0,0
BRDA:37,10,1,0
BRDA:43,11,0,0
BRDA:50,12,0,0
BRDA:50,12,1,0
BRDA:52,13,0,0
BRDA:52,14,0,0
BRDA:52,14,1,0
BRDA:55,15,0,0
BRDA:55,15,1,0
BRDA:56,16,0,0
BRDA:56,17,0,0
BRDA:56,17,1,0
BRDA:113,18,0,0
BRDA:113,18,1,0
BRDA:113,19,0,0
BRDA:113,19,1,0
BRDA:115,20,0,0
BRDA:119,21,0,0
BRDA:119,22,0,0
BRDA:119,22,1,0
BRF:37
BRH:0
end_of_record
TN:
SF:src\utils\i18n\i18n.ts
FN:6,initializeLanguage
FNF:1
FNH:0
FNDA:0,initializeLanguage
DA:1,0
DA:2,0
DA:3,0
DA:4,0
DA:6,0
DA:9,0
LF:6
LH:0
BRF:0
BRH:0
end_of_record
TN:
SF:src\utils\mapper\metadataMapper.ts
FN:68,mapMetadataKeys
FNF:1
FNH:0
FNDA:0,mapMetadataKeys
DA:5,0
DA:68,0
DA:69,0
DA:70,0
DA:71,0
DA:72,0
DA:75,0
LF:7
LH:0
BRDA:71,0,0,0
BRF:1
BRH:0
end_of_record
TN:
SF:src\utils\react\misc.ts
FN:1,getEnumKeyByEnumValue
FN:5,(anonymous_1)
FN:9,sleep
FN:10,(anonymous_3)
FN:13,convertBase64Async
FN:14,(anonymous_5)
FN:18,(anonymous_6)
FN:22,(anonymous_7)
FNF:8
FNH:0
FNDA:0,getEnumKeyByEnumValue
FNDA:0,(anonymous_1)
FNDA:0,sleep
FNDA:0,(anonymous_3)
FNDA:0,convertBase64Async
FNDA:0,(anonymous_5)
FNDA:0,(anonymous_6)
FNDA:0,(anonymous_7)
DA:1,0
DA:5,0
DA:6,0
DA:9,0
DA:10,0
DA:13,0
DA:14,0
DA:15,0
DA:16,0
DA:18,0
DA:19,0
DA:22,0
DA:23,0
LF:13
LH:0
BRDA:6,0,0,0
BRDA:6,0,1,0
BRF:2
BRH:0
end_of_record
TN:
SF:src\utils\react\useEffectOnce.ts
FN:33,(anonymous_0)
FN:43,(anonymous_1)
FN:51,(anonymous_2)
FN:53,(anonymous_3)
FNF:4
FNH:0
FNDA:0,(anonymous_0)
FNDA:0,(anonymous_1)
FNDA:0,(anonymous_2)
FNDA:0,(anonymous_3)
DA:1,0
DA:33,0
DA:34,0
DA:35,0
DA:36,0
DA:37,0
DA:39,0
DA:40,0
DA:43,0
DA:45,0
DA:46,0
DA:47,0
DA:51,0
DA:53,0
DA:56,0
DA:57,0
DA:59,0
DA:60,0
LF:18
LH:0
BRDA:39,0,0,0
BRDA:45,1,0,0
BRDA:56,2,0,0
BRDA:59,3,0,0
BRF:4
BRH:0
end_of_record
TN:
SF:src\utils\telemetry\telemetry.ts
FN:8,(anonymous_0)
FN:22,(anonymous_1)
FN:28,(anonymous_2)
FNF:3
FNH:0
FNDA:0,(anonymous_0)
FNDA:0,(anonymous_1)
FNDA:0,(anonymous_2)
DA:1,0
DA:2,0
DA:4,0
DA:9,0
DA:10,0
DA:18,0
DA:19,0
DA:23,0
DA:24,0
DA:25,0
DA:29,0
LF:11
LH:0
BRF:0
BRH:0
end_of_record
